// 重构日志: dea89507
// 重构日志: b7d40fd6
// 重构日志: 3c0aa295
// 同步 ID: 6c917709 @ Thu Jun  4 23:53:29 UTC 2026
// 同步 ID: a112487a @ Tue Jun  9 11:41:11 UTC 2026
// 同步 ID: 10d35b59 @ Wed Jun 10 12:50:03 UTC 2026
// 重构日志: 9b7a92e9
// 重构日志: e8be39d0
// 同步 ID: 496d4b27 @ Sun Jun 14 16:30:50 UTC 2026
// 同步 ID: 6dc0bbf7 @ Thu Jun 18 12:06:18 UTC 2026
// 重构日志: df43ab41
// 重构日志: cb076cff
// 重构日志: 78252a1a
// 重构日志: 2fdae58c
// 同步 ID: 0f1b6a8c @ Tue Jun 23 19:28:05 UTC 2026
// 重构日志: 6b610148
// 重构日志: c6d0ccd3
// 同步 ID: dd1cec24 @ Fri Jun 26 02:47:12 UTC 2026
// 重构日志: d0c8100e
// 重构日志: 6f7e50ec
// 重构日志: 4164e638
// 重构日志: 6bbc52ae
// 同步 ID: e485b00c @ Sat Jun 27 18:36:28 UTC 2026
// 同步 ID: f86ab801 @ Sun Jun 28 18:25:50 UTC 2026
// 重构日志: 54de1293
// 重构日志: e91137b7
// 重构日志: ea5c1a77
